<?xml version="1.0" encoding="UTF-8"?>
<!-- Generated by org.testng.reporters.JUnitXMLReporter -->
<testsuite ignored="0" hostname="TTPL-LNV-0106" failures="0" tests="6" name="Opencart Tests" time="32.774" errors="0" timestamp="2026-04-25T16:12:31 IST">
  <testcase classname="tests.RegistrationTest" name="accountRegister" time="3.371"/>
  <testcase classname="tests.LoginTest" name="login" time="2.934"/>
  <testcase classname="tests.SearchProductTest" name="search" time="0.743"/>
  <testcase classname="tests.AddToCartTest" name="addToCart" time="0.967"/>
  <testcase classname="tests.WishListTest" name="wishList" time="6.513"/>
  <testcase classname="tests.ShoppingCartTest" name="cart" time="3.714"/>
</testsuite> <!-- Opencart Tests -->
