<?xml version="1.0" encoding="UTF-8"?>
<!-- Generated by org.testng.reporters.JUnitXMLReporter -->
<testsuite ignored="0" hostname="TTPL-LNV-0106" failures="1" tests="6" name="Opencart Tests" time="58.351" errors="0" timestamp="2026-04-25T15:34:55 IST">
  <testcase classname="tests.RegistrationTest" name="accountRegister" time="4.25"/>
  <testcase classname="tests.LoginTest" name="login" time="2.485"/>
  <testcase classname="tests.SearchProductTest" name="search" time="0.701"/>
  <testcase classname="tests.AddToCartTest" name="addToCart" time="1.132"/>
  <testcase classname="tests.WishListTest" name="wishList" time="24.719">
    <failure type="java.lang.AssertionError" message="Wishlist page not loaded. Heading:  expected [true] but found [false]">
      <![CDATA[java.lang.AssertionError: Wishlist page not loaded. Heading:  expected [true] but found [false]
at tests.WishListTest.wishList(WishListTest.java:62)
at java.base/java.util.ArrayList.forEach(ArrayList.java:1541)
... Removed 30 stack frames]]>
    </failure>
  </testcase> <!-- wishList -->
  <testcase classname="tests.ShoppingCartTest" name="cart" time="4.188"/>
</testsuite> <!-- Opencart Tests -->
