<?xml version="1.0" encoding="UTF-8"?>
<!-- Generated by org.testng.reporters.JUnitXMLReporter -->
<testsuite ignored="0" hostname="TTPL-LNV-0106" failures="0" tests="6" name="Test" time="0.273" errors="0" timestamp="2026-04-25T15:27:27 IST">
  <testcase classname="base.BaseTest" name="@BeforeClass setUp" time="0.014">
    <failure type="java.lang.IllegalArgumentException" message="Edge not supported in this setup">
      <![CDATA[java.lang.IllegalArgumentException: Edge not supported in this setup
at factory.DriverFactory.initDriver(DriverFactory.java:54)
at base.BaseTest.setUp(BaseTest.java:25)
at java.base/java.util.ArrayList.forEach(ArrayList.java:1541)
... Removed 25 stack frames]]>
    </failure>
  </testcase> <!-- @BeforeClass setUp -->
  <testcase classname="base.BaseTest" name="@AfterClass tearDown" time="0.0">
    <skipped/>
  </testcase> <!-- @AfterClass tearDown -->
  <testcase classname="base.BaseTest" name="@BeforeClass setUp" time="0.001">
    <failure type="java.lang.IllegalArgumentException" message="Edge not supported in this setup">
      <![CDATA[java.lang.IllegalArgumentException: Edge not supported in this setup
at factory.DriverFactory.initDriver(DriverFactory.java:54)
at base.BaseTest.setUp(BaseTest.java:25)
at java.base/java.util.ArrayList.forEach(ArrayList.java:1541)
... Removed 25 stack frames]]>
    </failure>
  </testcase> <!-- @BeforeClass setUp -->
  <testcase classname="base.BaseTest" name="@AfterClass tearDown" time="0.0">
    <skipped/>
  </testcase> <!-- @AfterClass tearDown -->
  <testcase classname="base.BaseTest" name="@BeforeClass setUp" time="0.001">
    <failure type="java.lang.IllegalArgumentException" message="Edge not supported in this setup">
      <![CDATA[java.lang.IllegalArgumentException: Edge not supported in this setup
at factory.DriverFactory.initDriver(DriverFactory.java:54)
at base.BaseTest.setUp(BaseTest.java:25)
at java.base/java.util.ArrayList.forEach(ArrayList.java:1541)
... Removed 25 stack frames]]>
    </failure>
  </testcase> <!-- @BeforeClass setUp -->
  <testcase classname="base.BaseTest" name="@AfterClass tearDown" time="0.0">
    <skipped/>
  </testcase> <!-- @AfterClass tearDown -->
  <testcase classname="base.BaseTest" name="@BeforeClass setUp" time="0.001">
    <failure type="java.lang.IllegalArgumentException" message="Edge not supported in this setup">
      <![CDATA[java.lang.IllegalArgumentException: Edge not supported in this setup
at factory.DriverFactory.initDriver(DriverFactory.java:54)
at base.BaseTest.setUp(BaseTest.java:25)
at java.base/java.util.ArrayList.forEach(ArrayList.java:1541)
... Removed 25 stack frames]]>
    </failure>
  </testcase> <!-- @BeforeClass setUp -->
  <testcase classname="base.BaseTest" name="@AfterClass tearDown" time="0.0">
    <skipped/>
  </testcase> <!-- @AfterClass tearDown -->
  <testcase classname="base.BaseTest" name="@BeforeClass setUp" time="0.001">
    <failure type="java.lang.IllegalArgumentException" message="Edge not supported in this setup">
      <![CDATA[java.lang.IllegalArgumentException: Edge not supported in this setup
at factory.DriverFactory.initDriver(DriverFactory.java:54)
at base.BaseTest.setUp(BaseTest.java:25)
at java.base/java.util.ArrayList.forEach(ArrayList.java:1541)
... Removed 25 stack frames]]>
    </failure>
  </testcase> <!-- @BeforeClass setUp -->
  <testcase classname="base.BaseTest" name="@AfterClass tearDown" time="0.0">
    <skipped/>
  </testcase> <!-- @AfterClass tearDown -->
  <testcase classname="base.BaseTest" name="@BeforeClass setUp" time="0.001">
    <failure type="java.lang.IllegalArgumentException" message="Edge not supported in this setup">
      <![CDATA[java.lang.IllegalArgumentException: Edge not supported in this setup
at factory.DriverFactory.initDriver(DriverFactory.java:54)
at base.BaseTest.setUp(BaseTest.java:25)
at java.base/java.util.ArrayList.forEach(ArrayList.java:1541)
... Removed 25 stack frames]]>
    </failure>
  </testcase> <!-- @BeforeClass setUp -->
  <testcase classname="base.BaseTest" name="@AfterClass tearDown" time="0.0">
    <skipped/>
  </testcase> <!-- @AfterClass tearDown -->
  <testcase classname="tests.RegistrationTest" name="accountRegister" time="0.001">
    <skipped/>
  </testcase> <!-- accountRegister -->
  <testcase classname="tests.LoginTest" name="login" time="0.0">
    <skipped/>
  </testcase> <!-- login -->
  <testcase classname="tests.SearchProductTest" name="search" time="0.0">
    <skipped/>
  </testcase> <!-- search -->
  <testcase classname="tests.AddToCartTest" name="addToCart" time="0.0">
    <skipped/>
  </testcase> <!-- addToCart -->
  <testcase classname="tests.WishListTest" name="wishList" time="0.0">
    <skipped/>
  </testcase> <!-- wishList -->
  <testcase classname="tests.ShoppingCartTest" name="cart" time="0.0">
    <skipped/>
  </testcase> <!-- cart -->
</testsuite> <!-- Test -->
