<?xml version="1.0" encoding="UTF-8"?>
<!-- Generated by org.testng.reporters.JUnitXMLReporter -->
<testsuite ignored="0" hostname="TTPL-LNV-0106" failures="2" tests="9" name="Test" time="75.717" errors="0" timestamp="2026-04-25T12:13:58 IST">
  <testcase classname="tests.RegistrationTest" name="accountRegister" time="3.625"/>
  <testcase classname="tests.LoginTest" name="login" time="2.198"/>
  <testcase classname="tests.SearchProductTest" name="search" time="0.458"/>
  <testcase classname="tests.AddToCartTest" name="addToCart" time="0.662"/>
  <testcase classname="tests.WishListTest" name="wishList" time="1.99">
    <failure type="java.lang.AssertionError" message="Wish list test failed due to exception: stale element reference: stale element not found
  (Session info: MicrosoftEdge=147.0.3912.72)
For documentation on this error, please visit: https://www.selenium.dev/documentation/webdriver/troubleshooting/errors#staleelementreferenceexception
Build info: version: &amp;apos;4.40.0&amp;apos;, revision: &amp;apos;b3333f1&amp;apos;
System info: os.name: &amp;apos;Windows 11&amp;apos;, os.arch: &amp;apos;amd64&amp;apos;, os.version: &amp;apos;10.0&amp;apos;, java.version: &amp;apos;11.0.22&amp;apos;
Driver info: org.openqa.selenium.edge.EdgeDriver
Command: [b70a8318f778fa3a5970b1e4744e13bc, sendKeysToElement {value=[Ljava.lang.CharSequence;@5f96f6a2, id=f.4A860D3741F909278B368098D2ACCF24.d.526275F65729D27EEF8341B8A4BA3204.e.78}]
Capabilities {acceptInsecureCerts: false, browserName: MicrosoftEdge, browserVersion: 147.0.3912.72, fedcm:accounts: true, goog:processID: 17120, ms:edgeOptions: {debuggerAddress: localhost:57341}, msedge: {msedgedriverVersion: 147.0.3912.72 (d4380ba2b9dc..., userDataDir: C:\Users\LNV-106\AppData\Lo...}, networkConnectionEnabled: false, pageLoadStrategy: normal, platformName: windows, proxy: Proxy(), se:cdp: ws://localhost:57341/devtoo..., se:cdpVersion: 147.0.3912.72, setWindowRect: true, strictFileInteractability: false, timeouts: {implicit: 0, pageLoad: 300000, script: 30000}, unhandledPromptBehavior: dismiss and notify, webauthn:extension:credBlob: true, webauthn:extension:largeBlob: true, webauthn:extension:minPinLength: true, webauthn:extension:prf: true, webauthn:virtualAuthenticators: true}
Element: [[EdgeDriver: MicrosoftEdge on windows (b70a8318f778fa3a5970b1e4744e13bc)] -&amp;gt; xpath: //input[@placeholder=&amp;apos;Search&amp;apos;]]
Session ID: b70a8318f778fa3a5970b1e4744e13bc">
      <![CDATA[java.lang.AssertionError: Wish list test failed due to exception: stale element reference: stale element not found
  (Session info: MicrosoftEdge=147.0.3912.72)
For documentation on this error, please visit: https://www.selenium.dev/documentation/webdriver/troubleshooting/errors#staleelementreferenceexception
Build info: version: '4.40.0', revision: 'b3333f1'
System info: os.name: 'Windows 11', os.arch: 'amd64', os.version: '10.0', java.version: '11.0.22'
Driver info: org.openqa.selenium.edge.EdgeDriver
Command: [b70a8318f778fa3a5970b1e4744e13bc, sendKeysToElement {value=[Ljava.lang.CharSequence;@5f96f6a2, id=f.4A860D3741F909278B368098D2ACCF24.d.526275F65729D27EEF8341B8A4BA3204.e.78}]
Capabilities {acceptInsecureCerts: false, browserName: MicrosoftEdge, browserVersion: 147.0.3912.72, fedcm:accounts: true, goog:processID: 17120, ms:edgeOptions: {debuggerAddress: localhost:57341}, msedge: {msedgedriverVersion: 147.0.3912.72 (d4380ba2b9dc..., userDataDir: C:\Users\LNV-106\AppData\Lo...}, networkConnectionEnabled: false, pageLoadStrategy: normal, platformName: windows, proxy: Proxy(), se:cdp: ws://localhost:57341/devtoo..., se:cdpVersion: 147.0.3912.72, setWindowRect: true, strictFileInteractability: false, timeouts: {implicit: 0, pageLoad: 300000, script: 30000}, unhandledPromptBehavior: dismiss and notify, webauthn:extension:credBlob: true, webauthn:extension:largeBlob: true, webauthn:extension:minPinLength: true, webauthn:extension:prf: true, webauthn:virtualAuthenticators: true}
Element: [[EdgeDriver: MicrosoftEdge on windows (b70a8318f778fa3a5970b1e4744e13bc)] -> xpath: //input[@placeholder='Search']]
Session ID: b70a8318f778fa3a5970b1e4744e13bc
at tests.WishListTest.wishList(WishListTest.java:52)
at java.base/java.util.ArrayList.forEach(ArrayList.java:1541)
Caused by: org.openqa.selenium.StaleElementReferenceException: stale element reference: stale element not found
  (Session info: MicrosoftEdge=147.0.3912.72)
For documentation on this error, please visit: https://www.selenium.dev/documentation/webdriver/troubleshooting/errors#staleelementreferenceexception
Build info: version: '4.40.0', revision: 'b3333f1'
System info: os.name: 'Windows 11', os.arch: 'amd64', os.version: '10.0', java.version: '11.0.22'
Driver info: org.openqa.selenium.edge.EdgeDriver
Command: [b70a8318f778fa3a5970b1e4744e13bc, sendKeysToElement {value=[Ljava.lang.CharSequence;@5f96f6a2, id=f.4A860D3741F909278B368098D2ACCF24.d.526275F65729D27EEF8341B8A4BA3204.e.78}]
Capabilities {acceptInsecureCerts: false, browserName: MicrosoftEdge, browserVersion: 147.0.3912.72, fedcm:accounts: true, goog:processID: 17120, ms:edgeOptions: {debuggerAddress: localhost:57341}, msedge: {msedgedriverVersion: 147.0.3912.72 (d4380ba2b9dc..., userDataDir: C:\Users\LNV-106\AppData\Lo...}, networkConnectionEnabled: false, pageLoadStrategy: normal, platformName: windows, proxy: Proxy(), se:cdp: ws://localhost:57341/devtoo..., se:cdpVersion: 147.0.3912.72, setWindowRect: true, strictFileInteractability: false, timeouts: {implicit: 0, pageLoad: 300000, script: 30000}, unhandledPromptBehavior: dismiss and notify, webauthn:extension:credBlob: true, webauthn:extension:largeBlob: true, webauthn:extension:minPinLength: true, webauthn:extension:prf: true, webauthn:virtualAuthenticators: true}
Element: [[EdgeDriver: MicrosoftEdge on windows (b70a8318f778fa3a5970b1e4744e13bc)] -> xpath: //input[@placeholder='Search']]
Session ID: b70a8318f778fa3a5970b1e4744e13bc
at org.openqa.selenium.remote.ErrorCodec.decode(ErrorCodec.java:169)
at org.openqa.selenium.remote.codec.w3c.W3CHttpResponseCodec.decode(W3CHttpResponseCodec.java:142)
at org.openqa.selenium.remote.codec.w3c.W3CHttpResponseCodec.decode(W3CHttpResponseCodec.java:49)
at org.openqa.selenium.remote.HttpCommandExecutor.execute(HttpCommandExecutor.java:223)
at org.openqa.selenium.remote.service.DriverCommandExecutor.invokeExecute(DriverCommandExecutor.java:216)
at org.openqa.selenium.remote.service.DriverCommandExecutor.execute(DriverCommandExecutor.java:174)
at org.openqa.selenium.remote.RemoteWebDriver.execute(RemoteWebDriver.java:601)
at org.openqa.selenium.remote.RemoteWebElement.execute(RemoteWebElement.java:223)
at org.openqa.selenium.remote.RemoteWebElement.sendKeys(RemoteWebElement.java:110)
at org.openqa.selenium.support.pagefactory.internal.LocatingElementHandler.invoke(LocatingElementHandler.java:51)
at com.sun.proxy.$Proxy31.sendKeys(Unknown Source)
at pages.HomePage.txtSearchField(HomePage.java:42)
at tests.WishListTest.wishList(WishListTest.java:33)
... 28 more
... Removed 32 stack frames]]>
    </failure>
  </testcase> <!-- wishList -->
  <testcase classname="tests.ShoppingCartTest" name="cart" time="3.628">
    <failure type="java.lang.AssertionError" message="Shopping cart test failed due to exception: element click intercepted: Element &amp;lt;span class=&amp;quot;hidden-xs hidden-sm hidden-md&amp;quot;&amp;gt;...&amp;lt;/span&amp;gt; is not clickable at point (1193, 7). Other element would receive the click: &amp;lt;div id=&amp;quot;top-links&amp;quot; class=&amp;quot;nav pull-right&amp;quot;&amp;gt;...&amp;lt;/div&amp;gt;
  (Session info: MicrosoftEdge=147.0.3912.72)
Build info: version: &amp;apos;4.40.0&amp;apos;, revision: &amp;apos;b3333f1&amp;apos;
System info: os.name: &amp;apos;Windows 11&amp;apos;, os.arch: &amp;apos;amd64&amp;apos;, os.version: &amp;apos;10.0&amp;apos;, java.version: &amp;apos;11.0.22&amp;apos;
Driver info: org.openqa.selenium.edge.EdgeDriver
Command: [2c679a09677e3dcf0257ee2a83f64773, clickElement {id=f.09A705A56044BE8455EB34DF00212D69.d.B933D433DE932394B38C2E714BCB1956.e.117}]
Capabilities {acceptInsecureCerts: false, browserName: MicrosoftEdge, browserVersion: 147.0.3912.72, fedcm:accounts: true, goog:processID: 17768, ms:edgeOptions: {debuggerAddress: localhost:53243}, msedge: {msedgedriverVersion: 147.0.3912.72 (d4380ba2b9dc..., userDataDir: C:\Users\LNV-106\AppData\Lo...}, networkConnectionEnabled: false, pageLoadStrategy: normal, platformName: windows, proxy: Proxy(), se:cdp: ws://localhost:53243/devtoo..., se:cdpVersion: 147.0.3912.72, setWindowRect: true, strictFileInteractability: false, timeouts: {implicit: 0, pageLoad: 300000, script: 30000}, unhandledPromptBehavior: dismiss and notify, webauthn:extension:credBlob: true, webauthn:extension:largeBlob: true, webauthn:extension:minPinLength: true, webauthn:extension:prf: true, webauthn:virtualAuthenticators: true}
Element: [[EdgeDriver: MicrosoftEdge on windows (2c679a09677e3dcf0257ee2a83f64773)] -&amp;gt; xpath: //span[normalize-space()=&amp;apos;Shopping Cart&amp;apos;]]
Session ID: 2c679a09677e3dcf0257ee2a83f64773">
      <![CDATA[java.lang.AssertionError: Shopping cart test failed due to exception: element click intercepted: Element <span class="hidden-xs hidden-sm hidden-md">...</span> is not clickable at point (1193, 7). Other element would receive the click: <div id="top-links" class="nav pull-right">...</div>
  (Session info: MicrosoftEdge=147.0.3912.72)
Build info: version: '4.40.0', revision: 'b3333f1'
System info: os.name: 'Windows 11', os.arch: 'amd64', os.version: '10.0', java.version: '11.0.22'
Driver info: org.openqa.selenium.edge.EdgeDriver
Command: [2c679a09677e3dcf0257ee2a83f64773, clickElement {id=f.09A705A56044BE8455EB34DF00212D69.d.B933D433DE932394B38C2E714BCB1956.e.117}]
Capabilities {acceptInsecureCerts: false, browserName: MicrosoftEdge, browserVersion: 147.0.3912.72, fedcm:accounts: true, goog:processID: 17768, ms:edgeOptions: {debuggerAddress: localhost:53243}, msedge: {msedgedriverVersion: 147.0.3912.72 (d4380ba2b9dc..., userDataDir: C:\Users\LNV-106\AppData\Lo...}, networkConnectionEnabled: false, pageLoadStrategy: normal, platformName: windows, proxy: Proxy(), se:cdp: ws://localhost:53243/devtoo..., se:cdpVersion: 147.0.3912.72, setWindowRect: true, strictFileInteractability: false, timeouts: {implicit: 0, pageLoad: 300000, script: 30000}, unhandledPromptBehavior: dismiss and notify, webauthn:extension:credBlob: true, webauthn:extension:largeBlob: true, webauthn:extension:minPinLength: true, webauthn:extension:prf: true, webauthn:virtualAuthenticators: true}
Element: [[EdgeDriver: MicrosoftEdge on windows (2c679a09677e3dcf0257ee2a83f64773)] -> xpath: //span[normalize-space()='Shopping Cart']]
Session ID: 2c679a09677e3dcf0257ee2a83f64773
at tests.ShoppingCartTest.cart(ShoppingCartTest.java:49)
at java.base/java.util.ArrayList.forEach(ArrayList.java:1541)
Caused by: org.openqa.selenium.ElementClickInterceptedException: element click intercepted: Element <span class="hidden-xs hidden-sm hidden-md">...</span> is not clickable at point (1193, 7). Other element would receive the click: <div id="top-links" class="nav pull-right">...</div>
  (Session info: MicrosoftEdge=147.0.3912.72)
Build info: version: '4.40.0', revision: 'b3333f1'
System info: os.name: 'Windows 11', os.arch: 'amd64', os.version: '10.0', java.version: '11.0.22'
Driver info: org.openqa.selenium.edge.EdgeDriver
Command: [2c679a09677e3dcf0257ee2a83f64773, clickElement {id=f.09A705A56044BE8455EB34DF00212D69.d.B933D433DE932394B38C2E714BCB1956.e.117}]
Capabilities {acceptInsecureCerts: false, browserName: MicrosoftEdge, browserVersion: 147.0.3912.72, fedcm:accounts: true, goog:processID: 17768, ms:edgeOptions: {debuggerAddress: localhost:53243}, msedge: {msedgedriverVersion: 147.0.3912.72 (d4380ba2b9dc..., userDataDir: C:\Users\LNV-106\AppData\Lo...}, networkConnectionEnabled: false, pageLoadStrategy: normal, platformName: windows, proxy: Proxy(), se:cdp: ws://localhost:53243/devtoo..., se:cdpVersion: 147.0.3912.72, setWindowRect: true, strictFileInteractability: false, timeouts: {implicit: 0, pageLoad: 300000, script: 30000}, unhandledPromptBehavior: dismiss and notify, webauthn:extension:credBlob: true, webauthn:extension:largeBlob: true, webauthn:extension:minPinLength: true, webauthn:extension:prf: true, webauthn:virtualAuthenticators: true}
Element: [[EdgeDriver: MicrosoftEdge on windows (2c679a09677e3dcf0257ee2a83f64773)] -> xpath: //span[normalize-space()='Shopping Cart']]
Session ID: 2c679a09677e3dcf0257ee2a83f64773
at org.openqa.selenium.remote.ErrorCodec.decode(ErrorCodec.java:169)
at org.openqa.selenium.remote.codec.w3c.W3CHttpResponseCodec.decode(W3CHttpResponseCodec.java:142)
at org.openqa.selenium.remote.codec.w3c.W3CHttpResponseCodec.decode(W3CHttpResponseCodec.java:49)
at org.openqa.selenium.remote.HttpCommandExecutor.execute(HttpCommandExecutor.java:223)
at org.openqa.selenium.remote.service.DriverCommandExecutor.invokeExecute(DriverCommandExecutor.java:216)
at org.openqa.selenium.remote.service.DriverCommandExecutor.execute(DriverCommandExecutor.java:174)
at org.openqa.selenium.remote.RemoteWebDriver.execute(RemoteWebDriver.java:601)
at org.openqa.selenium.remote.RemoteWebElement.execute(RemoteWebElement.java:223)
at org.openqa.selenium.remote.RemoteWebElement.click(RemoteWebElement.java:76)
at org.openqa.selenium.support.pagefactory.internal.LocatingElementHandler.invoke(LocatingElementHandler.java:51)
at com.sun.proxy.$Proxy31.click(Unknown Source)
at pages.SearchPage.clickShoppingCart(SearchPage.java:44)
at tests.ShoppingCartTest.cart(ShoppingCartTest.java:42)
... 28 more
... Removed 31 stack frames]]>
    </failure>
  </testcase> <!-- cart -->
  <testcase classname="tests.LoginDDTTest" name="verify_loginDDT" time="2.656"/>
  <testcase classname="tests.LoginDDTTest" name="verify_loginDDT" time="22.475"/>
  <testcase classname="tests.LoginDDTTest" name="verify_loginDDT" time="22.191"/>
</testsuite> <!-- Test -->
