<?xml version="1.0" encoding="UTF-8"?>
<!-- Generated by org.testng.reporters.JUnitReportReporter -->
<testsuite hostname="TTPL-LNV-0106" failures="0" tests="3" name="testCases.TC007_LoginDDT" time="34.648" errors="0" timestamp="2026-03-03T11:18:11 IST" skipped="0">
  <testcase classname="testCases.TC007_LoginDDT" name="verify_loginDDT" time="5.072"/>
  <testcase classname="testCases.TC007_LoginDDT" name="verify_loginDDT" time="15.054"/>
  <testcase classname="testCases.TC007_LoginDDT" name="verify_loginDDT" time="14.522"/>
</testsuite> <!-- testCases.TC007_LoginDDT -->
