<?xml version="1.0" encoding="UTF-8"?>
<!-- Generated by org.testng.reporters.JUnitReportReporter -->
<testsuite hostname="TTPL-LNV-0106" failures="0" tests="3" name="tests.LoginDDTTest" time="47.322" errors="0" timestamp="2026-04-25T12:13:58 IST" skipped="0">
  <testcase classname="tests.LoginDDTTest" name="verify_loginDDT" time="2.656"/>
  <testcase classname="tests.LoginDDTTest" name="verify_loginDDT" time="22.191"/>
  <testcase classname="tests.LoginDDTTest" name="verify_loginDDT" time="22.475"/>
</testsuite> <!-- tests.LoginDDTTest -->
